<?xml version="1.0" encoding="UTF-8"?>
<testng-results ignored="0" total="5" passed="5" failed="0" skipped="0">
  <reporter-output>
  </reporter-output>
  <suite started-at="2020-12-03T09:00:27Z" name="Surefire suite" finished-at="2020-12-03T09:00:32Z" duration-ms="5099">
    <groups>
    </groups>
    <test started-at="2020-12-03T09:00:27Z" name="Surefire test" finished-at="2020-12-03T09:00:32Z" duration-ms="5099">
      <class name="com.cs5500.NEUEat.controller.OrderControllerTest">
        <test-method signature="addOrderToCart() throws java.lang.Exception" started-at="2020-12-03T09:00:27Z" name="addOrderToCart" finished-at="2020-12-03T09:00:32Z" duration-ms="4380" status="PASS">
          <reporter-output>
          </reporter-output>
        </test-method> <!-- addOrderToCart -->
        <test-method signature="deleteOrder() throws java.lang.Exception" started-at="2020-12-03T09:00:27Z" name="deleteOrder" finished-at="2020-12-03T09:00:32Z" duration-ms="4560" status="PASS">
          <reporter-output>
          </reporter-output>
        </test-method> <!-- deleteOrder -->
        <test-method signature="deleteComment() throws java.lang.Exception" started-at="2020-12-03T09:00:27Z" name="deleteComment" finished-at="2020-12-03T09:00:32Z" duration-ms="4574" status="PASS">
          <reporter-output>
          </reporter-output>
        </test-method> <!-- deleteComment -->
        <test-method signature="addComment() throws java.lang.Exception" started-at="2020-12-03T09:00:27Z" name="addComment" finished-at="2020-12-03T09:00:32Z" duration-ms="4535" status="PASS">
          <reporter-output>
          </reporter-output>
        </test-method> <!-- addComment -->
        <test-method signature="checkoutUsers() throws java.lang.Exception" started-at="2020-12-03T09:00:27Z" name="checkoutUsers" finished-at="2020-12-03T09:00:32Z" duration-ms="4523" status="PASS">
          <reporter-output>
          </reporter-output>
        </test-method> <!-- checkoutUsers -->
      </class> <!-- com.cs5500.NEUEat.controller.OrderControllerTest -->
    </test> <!-- Surefire test -->
  </suite> <!-- Surefire suite -->
</testng-results>
