<?xml version="1.0" encoding="UTF-8"?>
<testsuite xmlns:xsi="http://www.w3.org/2001/XMLSchema-instance" xsi:noNamespaceSchemaLocation="https://maven.apache.org/surefire/maven-surefire-plugin/xsd/surefire-test-report.xsd" name="TestSuite" time="5.395" tests="5" errors="0" skipped="0" failures="0">
  <properties>
[...]
</properties>
  <testcase name="addOrderToCart on addOrderToCart(com.cs5500.NEUEat.controller.OrderControllerTest)" classname="com.cs5500.NEUEat.controller.OrderControllerTest" time="0.147"/>
  <testcase name="checkoutUsers on checkoutUsers(com.cs5500.NEUEat.controller.OrderControllerTest)" classname="com.cs5500.NEUEat.controller.OrderControllerTest" time="0.137"/>
  <testcase name="addComment on addComment(com.cs5500.NEUEat.controller.OrderControllerTest)" classname="com.cs5500.NEUEat.controller.OrderControllerTest" time="0.008"/>
  <testcase name="deleteOrder on deleteOrder(com.cs5500.NEUEat.controller.OrderControllerTest)" classname="com.cs5500.NEUEat.controller.OrderControllerTest" time="0.019"/>
  <testcase name="deleteComment on deleteComment(com.cs5500.NEUEat.controller.OrderControllerTest)" classname="com.cs5500.NEUEat.controller.OrderControllerTest" time="0.01"/>
</testsuite>