<?xml version="1.0" encoding="UTF-8"?>
<!-- Generated by org.testng.reporters.JUnitXMLReporter -->
<testsuite ignored="0" hostname="s-MacBook-Pro.local" failures="0" tests="5" name="Surefire test" time="5.099" errors="0" timestamp="03 Dec 2020 09:00:32 GMT">
  <testcase classname="com.cs5500.NEUEat.controller.OrderControllerTest" name="addOrderToCart on addOrderToCart(com.cs5500.NEUEat.controller.OrderControllerTest)" time="4.38"/>
  <testcase classname="com.cs5500.NEUEat.controller.OrderControllerTest" name="checkoutUsers on checkoutUsers(com.cs5500.NEUEat.controller.OrderControllerTest)" time="4.523"/>
  <testcase classname="com.cs5500.NEUEat.controller.OrderControllerTest" name="addComment on addComment(com.cs5500.NEUEat.controller.OrderControllerTest)" time="4.535"/>
  <testcase classname="com.cs5500.NEUEat.controller.OrderControllerTest" name="deleteOrder on deleteOrder(com.cs5500.NEUEat.controller.OrderControllerTest)" time="4.56"/>
  <testcase classname="com.cs5500.NEUEat.controller.OrderControllerTest" name="deleteComment on deleteComment(com.cs5500.NEUEat.controller.OrderControllerTest)" time="4.574"/>
</testsuite> <!-- Surefire test -->
